<?xml version="1.0" encoding="UTF-8"?>
<robot generator="Robot 7.1.1 (Python 3.12.3 on linux)" generated="2024-11-18T21:47:01.939830" rpa="false" schemaversion="5">
<suite id="s1" name="Tests" source="/home/eplinux/ohtu/webcounter/webcounter/src/tests">
<suite id="s1-s1" name="Increment" source="/home/eplinux/ohtu/webcounter/webcounter/src/tests/increment.robot">
<kw name="Open And Configure Browser" owner="resource" type="SETUP">
<if>
<branch type="IF" condition="$BROWSER == 'chrome'">
<kw name="Evaluate" owner="BuiltIn">
<msg time="2024-11-18T21:47:02.085709" level="INFO">${options} = &lt;selenium.webdriver.chrome.options.Options object at 0x7f46b14c9d90&gt;</msg>
<var>${options}</var>
<arg>sys.modules['selenium.webdriver'].ChromeOptions()</arg>
<arg>sys</arg>
<doc>Evaluates the given expression in Python and returns the result.</doc>
<status status="PASS" start="2024-11-18T21:47:02.085426" elapsed="0.000319"/>
</kw>
<status status="PASS" start="2024-11-18T21:47:02.084813" elapsed="0.001000"/>
</branch>
<branch type="ELSE IF" condition="$BROWSER == 'firefox'">
<kw name="Evaluate" owner="BuiltIn">
<var>${options}</var>
<arg>sys.modules['selenium.webdriver'].FirefoxOptions()</arg>
<arg>sys</arg>
<doc>Evaluates the given expression in Python and returns the result.</doc>
<status status="NOT RUN" start="2024-11-18T21:47:02.085952" elapsed="0.000027"/>
</kw>
<status status="NOT RUN" start="2024-11-18T21:47:02.085855" elapsed="0.000217"/>
</branch>
<status status="PASS" start="2024-11-18T21:47:02.084790" elapsed="0.001319"/>
</if>
<if>
<branch type="IF" condition="$HEADLESS == 'true'">
<kw name="Set Selenium Speed" owner="SeleniumLibrary">
<arg>0</arg>
<doc>Sets the delay that is waited after each Selenium command.</doc>
<status status="PASS" start="2024-11-18T21:47:02.086313" elapsed="0.000471"/>
</kw>
<kw name="Call Method" owner="BuiltIn">
<arg>${options}</arg>
<arg>add_argument</arg>
<arg>--headless</arg>
<doc>Calls the named method of the given object with the provided arguments.</doc>
<status status="PASS" start="2024-11-18T21:47:02.086900" elapsed="0.000389"/>
</kw>
<status status="PASS" start="2024-11-18T21:47:02.086161" elapsed="0.001242"/>
</branch>
<branch type="ELSE">
<kw name="Set Selenium Speed" owner="SeleniumLibrary">
<arg>${DELAY}</arg>
<doc>Sets the delay that is waited after each Selenium command.</doc>
<status status="NOT RUN" start="2024-11-18T21:47:02.087579" elapsed="0.000025"/>
</kw>
<status status="NOT RUN" start="2024-11-18T21:47:02.087451" elapsed="0.000202"/>
</branch>
<status status="PASS" start="2024-11-18T21:47:02.086148" elapsed="0.001531"/>
</if>
<kw name="Open Browser" owner="SeleniumLibrary">
<msg time="2024-11-18T21:47:02.088001" level="INFO">Opening browser 'chrome' to base url 'None'.</msg>
<arg>browser=${BROWSER}</arg>
<arg>options=${options}</arg>
<doc>Opens a new browser instance to the optional ``url``.</doc>
<status status="PASS" start="2024-11-18T21:47:02.087765" elapsed="0.237818"/>
</kw>
<status status="PASS" start="2024-11-18T21:47:02.084563" elapsed="0.241149"/>
</kw>
<test id="s1-s1-t1" name="At start the counter is zero" line="7">
<kw name="Go To" owner="SeleniumLibrary">
<msg time="2024-11-18T21:47:02.326304" level="INFO">Opening url 'http://localhost:5001'</msg>
<arg>${HOME_URL}</arg>
<doc>Navigates the current browser window to the provided ``url``.</doc>
<status status="PASS" start="2024-11-18T21:47:02.326153" elapsed="0.162495"/>
</kw>
<kw name="Title Should Be" owner="SeleniumLibrary">
<msg time="2024-11-18T21:47:02.496390" level="INFO">Page title is 'Laskuri'.</msg>
<arg>Laskuri</arg>
<doc>Verifies that the current page title equals ``title``.</doc>
<status status="PASS" start="2024-11-18T21:47:02.488960" elapsed="0.007521"/>
</kw>
<kw name="Page Should Contain" owner="SeleniumLibrary">
<msg time="2024-11-18T21:47:02.512904" level="INFO">Current page contains text 'nappia painettu 0 kertaa'.</msg>
<arg>nappia painettu 0 kertaa</arg>
<doc>Verifies that current page contains ``text``.</doc>
<status status="PASS" start="2024-11-18T21:47:02.496723" elapsed="0.016279"/>
</kw>
<status status="PASS" start="2024-11-18T21:47:02.325800" elapsed="0.187415"/>
</test>
<test id="s1-s1-t2" name="When button pressed twice the counter is two" line="12">
<kw name="Go To" owner="SeleniumLibrary">
<msg time="2024-11-18T21:47:02.514174" level="INFO">Opening url 'http://localhost:5001'</msg>
<arg>${HOME_URL}</arg>
<doc>Navigates the current browser window to the provided ``url``.</doc>
<status status="PASS" start="2024-11-18T21:47:02.513978" elapsed="0.013920"/>
</kw>
<kw name="Click Button" owner="SeleniumLibrary">
<msg time="2024-11-18T21:47:02.528456" level="INFO">Clicking button 'Paina'.</msg>
<arg>Paina</arg>
<doc>Clicks the button identified by ``locator``.</doc>
<status status="PASS" start="2024-11-18T21:47:02.528149" elapsed="0.103158"/>
</kw>
<kw name="Click Button" owner="SeleniumLibrary">
<msg time="2024-11-18T21:47:02.631774" level="INFO">Clicking button 'Paina'.</msg>
<arg>Paina</arg>
<doc>Clicks the button identified by ``locator``.</doc>
<status status="PASS" start="2024-11-18T21:47:02.631577" elapsed="0.087594"/>
</kw>
<kw name="Page Should Contain" owner="SeleniumLibrary">
<msg time="2024-11-18T21:47:02.735902" level="INFO">Current page contains text 'nappia painettu 2 kertaa'.</msg>
<arg>nappia painettu 2 kertaa</arg>
<doc>Verifies that current page contains ``text``.</doc>
<status status="PASS" start="2024-11-18T21:47:02.719410" elapsed="0.016575"/>
</kw>
<status status="PASS" start="2024-11-18T21:47:02.513593" elapsed="0.222595"/>
</test>
<test id="s1-s1-t3" name="When counter has a nonzero value and it is reset the value becomes zero" line="18">
<kw name="Go To" owner="SeleniumLibrary">
<msg time="2024-11-18T21:47:02.736829" level="INFO">Opening url 'http://localhost:5001'</msg>
<arg>${HOME_URL}</arg>
<doc>Navigates the current browser window to the provided ``url``.</doc>
<status status="PASS" start="2024-11-18T21:47:02.736698" elapsed="0.015243"/>
</kw>
<kw name="Click Button" owner="SeleniumLibrary">
<msg time="2024-11-18T21:47:02.752478" level="INFO">Clicking button 'Paina'.</msg>
<arg>Paina</arg>
<doc>Clicks the button identified by ``locator``.</doc>
<status status="PASS" start="2024-11-18T21:47:02.752259" elapsed="0.081993"/>
</kw>
<kw name="Click Button" owner="SeleniumLibrary">
<msg time="2024-11-18T21:47:02.834636" level="INFO">Clicking button 'Paina'.</msg>
<arg>Paina</arg>
<doc>Clicks the button identified by ``locator``.</doc>
<status status="PASS" start="2024-11-18T21:47:02.834477" elapsed="0.094700"/>
</kw>
<kw name="Click Button" owner="SeleniumLibrary">
<msg time="2024-11-18T21:47:02.929612" level="INFO">Clicking button 'Nollaa'.</msg>
<arg>Nollaa</arg>
<doc>Clicks the button identified by ``locator``.</doc>
<status status="PASS" start="2024-11-18T21:47:02.929419" elapsed="0.091598"/>
</kw>
<kw name="Page Should Contain" owner="SeleniumLibrary">
<msg time="2024-11-18T21:47:03.033854" level="INFO">Current page contains text 'nappia painettu 0 kertaa'.</msg>
<arg>nappia painettu 0 kertaa</arg>
<doc>Verifies that current page contains ``text``.</doc>
<status status="PASS" start="2024-11-18T21:47:03.021292" elapsed="0.012656"/>
</kw>
<status status="PASS" start="2024-11-18T21:47:02.736381" elapsed="0.297808"/>
</test>
<test id="s1-s1-t4" name="When setting value to 452 the counter is 452" line="25">
<kw name="Go To" owner="SeleniumLibrary">
<msg time="2024-11-18T21:47:03.034839" level="INFO">Opening url 'http://localhost:5001'</msg>
<arg>${HOME_URL}</arg>
<doc>Navigates the current browser window to the provided ``url``.</doc>
<status status="PASS" start="2024-11-18T21:47:03.034703" elapsed="0.013008"/>
</kw>
<kw name="Click Button" owner="SeleniumLibrary">
<msg time="2024-11-18T21:47:03.048157" level="INFO">Clicking button 'Paina'.</msg>
<arg>Paina</arg>
<doc>Clicks the button identified by ``locator``.</doc>
<status status="PASS" start="2024-11-18T21:47:03.047980" elapsed="0.087444"/>
</kw>
<kw name="Click Button" owner="SeleniumLibrary">
<msg time="2024-11-18T21:47:03.135853" level="INFO">Clicking button 'Paina'.</msg>
<arg>Paina</arg>
<doc>Clicks the button identified by ``locator``.</doc>
<status status="PASS" start="2024-11-18T21:47:03.135672" elapsed="0.086948"/>
</kw>
<kw name="Input Text" owner="SeleniumLibrary">
<msg time="2024-11-18T21:47:03.223135" level="INFO">Typing text '452' into text field 'name=amount'.</msg>
<arg>name=amount</arg>
<arg>452</arg>
<doc>Types the given ``text`` into the text field identified by ``locator``.</doc>
<status status="PASS" start="2024-11-18T21:47:03.222935" elapsed="0.117384"/>
</kw>
<kw name="Click Button" owner="SeleniumLibrary">
<msg time="2024-11-18T21:47:03.340732" level="INFO">Clicking button 'aseta'.</msg>
<arg>aseta</arg>
<doc>Clicks the button identified by ``locator``.</doc>
<status status="PASS" start="2024-11-18T21:47:03.340559" elapsed="0.103926"/>
</kw>
<kw name="Page Should Contain" owner="SeleniumLibrary">
<msg time="2024-11-18T21:47:03.460408" level="INFO">Current page contains text 'nappia painettu 452 kertaa'.</msg>
<arg>nappia painettu 452 kertaa</arg>
<doc>Verifies that current page contains ``text``.</doc>
<status status="PASS" start="2024-11-18T21:47:03.444715" elapsed="0.015794"/>
</kw>
<status status="PASS" start="2024-11-18T21:47:03.034408" elapsed="0.426293"/>
</test>
<kw name="Close Browser" owner="SeleniumLibrary" type="TEARDOWN">
<doc>Closes the current browser.</doc>
<status status="PASS" start="2024-11-18T21:47:03.461123" elapsed="0.081495"/>
</kw>
<status status="PASS" start="2024-11-18T21:47:01.958700" elapsed="1.584002"/>
</suite>
<status status="PASS" start="2024-11-18T21:47:01.940471" elapsed="1.602908"/>
</suite>
<statistics>
<total>
<stat pass="4" fail="0" skip="0">All Tests</stat>
</total>
<tag>
</tag>
<suite>
<stat pass="4" fail="0" skip="0" id="s1" name="Tests">Tests</stat>
<stat pass="4" fail="0" skip="0" id="s1-s1" name="Increment">Tests.Increment</stat>
</suite>
</statistics>
<errors>
</errors>
</robot>
